2022-11-05 21:55:03,126 [Worker-4: Loading available Gradle versions] INFO  o.e.b.c.i.u.g.PublishedGradleVersions - Gradle version information cache is up-to-date. Trying to read.
2022-11-05 22:03:34,146 [Worker-13: Enabling Maven Dependency Management] INFO  o.e.m.c.i.l.LifecycleMappingFactory - Using org.eclipse.m2e.jdt.JarLifecycleMapping lifecycle mapping for MavenProject: edu.uco.budget:Budget_Data:0.0.1-SNAPSHOT @ C:\Users\Asus PC\OneDrive\Documentos\DOO_Budget\Budget_Data\pom.xml.
2022-11-05 22:03:35,947 [Worker-7: Building] WARN  o.e.m.c.i.embedder.EclipseLogger - Using platform encoding (UTF-8 actually) to copy filtered resources, i.e. build is platform dependent!
2022-11-05 22:03:35,950 [Worker-7: Building] INFO  o.e.m.c.i.embedder.EclipseLogger - skip non existing resourceDirectory C:\Users\Asus PC\OneDrive\Documentos\DOO_Budget\Budget_Data\src\main\resources
2022-11-05 22:03:35,959 [Worker-7: Building] WARN  o.e.m.c.i.embedder.EclipseLogger - Using platform encoding (UTF-8 actually) to copy filtered resources, i.e. build is platform dependent!
2022-11-05 22:03:35,986 [Worker-7: Building] INFO  o.e.m.c.i.embedder.EclipseLogger - skip non existing resourceDirectory C:\Users\Asus PC\OneDrive\Documentos\DOO_Budget\Budget_Data\src\test\resources
2022-11-05 22:03:36,484 [Worker-13: Enabling Maven Dependency Management] INFO  o.e.m.j.i.AbstractJavaProjectConfigurator - Adding source folder /Budget_Data/src
2022-11-05 22:03:36,486 [Worker-13: Enabling Maven Dependency Management] INFO  o.e.m.j.i.AbstractJavaProjectConfigurator - Not adding source folder /Budget_Data/src/test/java because it overlaps with /Budget_Data/src
2022-11-05 22:03:37,075 [Worker-13: Enabling Maven Dependency Management] INFO  o.e.m.c.i.p.ProjectConfigurationManager - Update started
2022-11-05 22:03:38,275 [Worker-13: Enabling Maven Dependency Management] INFO  o.e.m.c.i.l.LifecycleMappingFactory - Using org.eclipse.m2e.jdt.JarLifecycleMapping lifecycle mapping for MavenProject: edu.uco.budget:Budget_Data:0.0.1-SNAPSHOT @ C:\Users\Asus PC\OneDrive\Documentos\DOO_Budget\Budget_Data\pom.xml.
2022-11-05 22:03:42,127 [Worker-17: Building] WARN  o.e.m.c.i.embedder.EclipseLogger - Using platform encoding (UTF-8 actually) to copy filtered resources, i.e. build is platform dependent!
2022-11-05 22:03:42,129 [Worker-17: Building] INFO  o.e.m.c.i.embedder.EclipseLogger - skip non existing resourceDirectory C:\Users\Asus PC\OneDrive\Documentos\DOO_Budget\Budget_Data\src\main\resources
2022-11-05 22:03:42,136 [Worker-17: Building] WARN  o.e.m.c.i.embedder.EclipseLogger - Using platform encoding (UTF-8 actually) to copy filtered resources, i.e. build is platform dependent!
2022-11-05 22:03:42,202 [Worker-17: Building] INFO  o.e.m.c.i.embedder.EclipseLogger - skip non existing resourceDirectory C:\Users\Asus PC\OneDrive\Documentos\DOO_Budget\Budget_Data\src\test\resources
2022-11-05 22:03:44,905 [Worker-13: Enabling Maven Dependency Management] INFO  o.e.m.j.i.AbstractJavaProjectConfigurator - Adding source folder /Budget_Data/src
2022-11-05 22:03:44,907 [Worker-13: Enabling Maven Dependency Management] INFO  o.e.m.j.i.AbstractJavaProjectConfigurator - Not adding source folder /Budget_Data/src/test/java because it overlaps with /Budget_Data/src
2022-11-05 22:03:45,257 [Worker-5: Building] WARN  o.e.m.c.i.embedder.EclipseLogger - Using platform encoding (UTF-8 actually) to copy filtered resources, i.e. build is platform dependent!
2022-11-05 22:03:45,260 [Worker-5: Building] INFO  o.e.m.c.i.embedder.EclipseLogger - skip non existing resourceDirectory C:\Users\Asus PC\OneDrive\Documentos\DOO_Budget\Budget_Data\src\main\resources
2022-11-05 22:03:45,378 [Worker-5: Building] WARN  o.e.m.c.i.embedder.EclipseLogger - Using platform encoding (UTF-8 actually) to copy filtered resources, i.e. build is platform dependent!
2022-11-05 22:03:45,381 [Worker-5: Building] INFO  o.e.m.c.i.embedder.EclipseLogger - skip non existing resourceDirectory C:\Users\Asus PC\OneDrive\Documentos\DOO_Budget\Budget_Data\src\test\resources
2022-11-05 22:03:45,819 [Worker-17: Building] WARN  o.e.m.c.i.embedder.EclipseLogger - Using platform encoding (UTF-8 actually) to copy filtered resources, i.e. build is platform dependent!
2022-11-05 22:03:45,825 [Worker-17: Building] INFO  o.e.m.c.i.embedder.EclipseLogger - skip non existing resourceDirectory C:\Users\Asus PC\OneDrive\Documentos\DOO_Budget\Budget_Data\src\main\resources
2022-11-05 22:03:45,898 [Worker-17: Building] WARN  o.e.m.c.i.embedder.EclipseLogger - Using platform encoding (UTF-8 actually) to copy filtered resources, i.e. build is platform dependent!
2022-11-05 22:03:45,900 [Worker-17: Building] INFO  o.e.m.c.i.embedder.EclipseLogger - skip non existing resourceDirectory C:\Users\Asus PC\OneDrive\Documentos\DOO_Budget\Budget_Data\src\test\resources
2022-11-05 22:03:46,047 [Worker-17: Building] WARN  o.e.m.c.i.embedder.EclipseLogger - Using platform encoding (UTF-8 actually) to copy filtered resources, i.e. build is platform dependent!
2022-11-05 22:03:46,051 [Worker-17: Building] INFO  o.e.m.c.i.embedder.EclipseLogger - skip non existing resourceDirectory C:\Users\Asus PC\OneDrive\Documentos\DOO_Budget\Budget_Data\src\main\resources
2022-11-05 22:03:46,061 [Worker-17: Building] WARN  o.e.m.c.i.embedder.EclipseLogger - Using platform encoding (UTF-8 actually) to copy filtered resources, i.e. build is platform dependent!
2022-11-05 22:03:46,095 [Worker-17: Building] INFO  o.e.m.c.i.embedder.EclipseLogger - skip non existing resourceDirectory C:\Users\Asus PC\OneDrive\Documentos\DOO_Budget\Budget_Data\src\test\resources
2022-11-05 22:03:46,146 [Worker-13: Enabling Maven Dependency Management] INFO  o.e.m.c.i.p.ProjectConfigurationManager - Update completed: 9 sec
2022-11-05 22:03:46,278 [Worker-13: Building] WARN  o.e.m.c.i.embedder.EclipseLogger - Using platform encoding (UTF-8 actually) to copy filtered resources, i.e. build is platform dependent!
2022-11-05 22:03:46,282 [Worker-13: Building] INFO  o.e.m.c.i.embedder.EclipseLogger - skip non existing resourceDirectory C:\Users\Asus PC\OneDrive\Documentos\DOO_Budget\Budget_Data\src\main\resources
2022-11-05 22:03:46,289 [Worker-13: Building] WARN  o.e.m.c.i.embedder.EclipseLogger - Using platform encoding (UTF-8 actually) to copy filtered resources, i.e. build is platform dependent!
2022-11-05 22:03:46,292 [Worker-13: Building] INFO  o.e.m.c.i.embedder.EclipseLogger - skip non existing resourceDirectory C:\Users\Asus PC\OneDrive\Documentos\DOO_Budget\Budget_Data\src\test\resources
2022-11-05 22:05:55,241 [Worker-13: Enabling Maven Dependency Management] INFO  o.e.m.c.i.l.LifecycleMappingFactory - Using org.eclipse.m2e.jdt.JarLifecycleMapping lifecycle mapping for MavenProject: edu.uco.budget:Budget_Crosscutting:0.0.1-SNAPSHOT @ C:\Users\Asus PC\OneDrive\Documentos\DOO_Budget\Budget_Crosscutting\pom.xml.
2022-11-05 22:05:55,561 [Worker-13: Enabling Maven Dependency Management] INFO  o.e.m.j.i.AbstractJavaProjectConfigurator - Adding source folder /Budget_Crosscutting/src
2022-11-05 22:05:55,566 [Worker-13: Enabling Maven Dependency Management] INFO  o.e.m.j.i.AbstractJavaProjectConfigurator - Not adding source folder /Budget_Crosscutting/src/test/java because it overlaps with /Budget_Crosscutting/src
2022-11-05 22:05:56,614 [Worker-13: Enabling Maven Dependency Management] INFO  o.e.m.c.i.p.ProjectConfigurationManager - Update started
2022-11-05 22:05:56,799 [Worker-13: Enabling Maven Dependency Management] INFO  o.e.m.c.i.l.LifecycleMappingFactory - Using org.eclipse.m2e.jdt.JarLifecycleMapping lifecycle mapping for MavenProject: edu.uco.budget:Budget_Crosscutting:0.0.1-SNAPSHOT @ C:\Users\Asus PC\OneDrive\Documentos\DOO_Budget\Budget_Crosscutting\pom.xml.
2022-11-05 22:05:57,186 [Worker-13: Enabling Maven Dependency Management] INFO  o.e.m.j.i.AbstractJavaProjectConfigurator - Adding source folder /Budget_Crosscutting/src
2022-11-05 22:05:57,188 [Worker-13: Enabling Maven Dependency Management] INFO  o.e.m.j.i.AbstractJavaProjectConfigurator - Not adding source folder /Budget_Crosscutting/src/test/java because it overlaps with /Budget_Crosscutting/src
2022-11-05 22:05:57,520 [Worker-20: Building] WARN  o.e.m.c.i.embedder.EclipseLogger - Using platform encoding (UTF-8 actually) to copy filtered resources, i.e. build is platform dependent!
2022-11-05 22:05:57,553 [Worker-20: Building] INFO  o.e.m.c.i.embedder.EclipseLogger - skip non existing resourceDirectory C:\Users\Asus PC\OneDrive\Documentos\DOO_Budget\Budget_Crosscutting\src\main\resources
2022-11-05 22:05:57,560 [Worker-20: Building] WARN  o.e.m.c.i.embedder.EclipseLogger - Using platform encoding (UTF-8 actually) to copy filtered resources, i.e. build is platform dependent!
2022-11-05 22:05:57,566 [Worker-20: Building] INFO  o.e.m.c.i.embedder.EclipseLogger - skip non existing resourceDirectory C:\Users\Asus PC\OneDrive\Documentos\DOO_Budget\Budget_Crosscutting\src\test\resources
2022-11-05 22:05:57,778 [Worker-13: Enabling Maven Dependency Management] INFO  o.e.m.c.i.p.ProjectConfigurationManager - Update completed: 1 sec
2022-11-05 22:05:57,806 [Worker-15: Building] WARN  o.e.m.c.i.embedder.EclipseLogger - Using platform encoding (UTF-8 actually) to copy filtered resources, i.e. build is platform dependent!
2022-11-05 22:05:57,808 [Worker-15: Building] INFO  o.e.m.c.i.embedder.EclipseLogger - skip non existing resourceDirectory C:\Users\Asus PC\OneDrive\Documentos\DOO_Budget\Budget_Crosscutting\src\main\resources
2022-11-05 22:05:57,816 [Worker-15: Building] WARN  o.e.m.c.i.embedder.EclipseLogger - Using platform encoding (UTF-8 actually) to copy filtered resources, i.e. build is platform dependent!
2022-11-05 22:05:57,818 [Worker-15: Building] INFO  o.e.m.c.i.embedder.EclipseLogger - skip non existing resourceDirectory C:\Users\Asus PC\OneDrive\Documentos\DOO_Budget\Budget_Crosscutting\src\test\resources
2022-11-05 22:07:45,821 [Worker-22: Enabling Maven Dependency Management] INFO  o.e.m.c.i.l.LifecycleMappingFactory - Using org.eclipse.m2e.jdt.JarLifecycleMapping lifecycle mapping for MavenProject: edu.uco.budget:Budget_Domain:0.0.1-SNAPSHOT @ C:\Users\Asus PC\OneDrive\Documentos\DOO_Budget\Budget_Domain\pom.xml.
2022-11-05 22:07:45,996 [Worker-22: Enabling Maven Dependency Management] INFO  o.e.m.j.i.AbstractJavaProjectConfigurator - Adding source folder /Budget_Domain/src
2022-11-05 22:07:45,998 [Worker-22: Enabling Maven Dependency Management] INFO  o.e.m.j.i.AbstractJavaProjectConfigurator - Not adding source folder /Budget_Domain/src/test/java because it overlaps with /Budget_Domain/src
2022-11-05 22:07:47,589 [Worker-18: Building] WARN  o.e.m.c.i.embedder.EclipseLogger - Using platform encoding (UTF-8 actually) to copy filtered resources, i.e. build is platform dependent!
2022-11-05 22:07:47,594 [Worker-18: Building] INFO  o.e.m.c.i.embedder.EclipseLogger - skip non existing resourceDirectory C:\Users\Asus PC\OneDrive\Documentos\DOO_Budget\Budget_Domain\src\main\resources
2022-11-05 22:07:47,598 [Worker-18: Building] WARN  o.e.m.c.i.embedder.EclipseLogger - Using platform encoding (UTF-8 actually) to copy filtered resources, i.e. build is platform dependent!
2022-11-05 22:07:47,601 [Worker-18: Building] INFO  o.e.m.c.i.embedder.EclipseLogger - skip non existing resourceDirectory C:\Users\Asus PC\OneDrive\Documentos\DOO_Budget\Budget_Domain\src\test\resources
2022-11-05 22:07:47,771 [Worker-22: Enabling Maven Dependency Management] INFO  o.e.m.c.i.p.ProjectConfigurationManager - Update started
2022-11-05 22:07:47,965 [Worker-22: Enabling Maven Dependency Management] INFO  o.e.m.c.i.l.LifecycleMappingFactory - Using org.eclipse.m2e.jdt.JarLifecycleMapping lifecycle mapping for MavenProject: edu.uco.budget:Budget_Domain:0.0.1-SNAPSHOT @ C:\Users\Asus PC\OneDrive\Documentos\DOO_Budget\Budget_Domain\pom.xml.
2022-11-05 22:07:48,264 [Worker-22: Enabling Maven Dependency Management] INFO  o.e.m.j.i.AbstractJavaProjectConfigurator - Adding source folder /Budget_Domain/src
2022-11-05 22:07:48,266 [Worker-22: Enabling Maven Dependency Management] INFO  o.e.m.j.i.AbstractJavaProjectConfigurator - Not adding source folder /Budget_Domain/src/test/java because it overlaps with /Budget_Domain/src
2022-11-05 22:07:48,535 [Worker-25: Building] WARN  o.e.m.c.i.embedder.EclipseLogger - Using platform encoding (UTF-8 actually) to copy filtered resources, i.e. build is platform dependent!
2022-11-05 22:07:48,539 [Worker-25: Building] INFO  o.e.m.c.i.embedder.EclipseLogger - skip non existing resourceDirectory C:\Users\Asus PC\OneDrive\Documentos\DOO_Budget\Budget_Domain\src\main\resources
2022-11-05 22:07:48,545 [Worker-25: Building] WARN  o.e.m.c.i.embedder.EclipseLogger - Using platform encoding (UTF-8 actually) to copy filtered resources, i.e. build is platform dependent!
2022-11-05 22:07:48,548 [Worker-25: Building] INFO  o.e.m.c.i.embedder.EclipseLogger - skip non existing resourceDirectory C:\Users\Asus PC\OneDrive\Documentos\DOO_Budget\Budget_Domain\src\test\resources
2022-11-05 22:07:48,923 [Worker-22: Enabling Maven Dependency Management] INFO  o.e.m.c.i.p.ProjectConfigurationManager - Update completed: 1 sec
2022-11-05 22:07:49,115 [Worker-24: Building] WARN  o.e.m.c.i.embedder.EclipseLogger - Using platform encoding (UTF-8 actually) to copy filtered resources, i.e. build is platform dependent!
2022-11-05 22:07:49,121 [Worker-24: Building] INFO  o.e.m.c.i.embedder.EclipseLogger - skip non existing resourceDirectory C:\Users\Asus PC\OneDrive\Documentos\DOO_Budget\Budget_Domain\src\main\resources
2022-11-05 22:07:49,128 [Worker-24: Building] WARN  o.e.m.c.i.embedder.EclipseLogger - Using platform encoding (UTF-8 actually) to copy filtered resources, i.e. build is platform dependent!
2022-11-05 22:07:49,132 [Worker-24: Building] INFO  o.e.m.c.i.embedder.EclipseLogger - skip non existing resourceDirectory C:\Users\Asus PC\OneDrive\Documentos\DOO_Budget\Budget_Domain\src\test\resources
2022-11-05 22:10:56,505 [Worker-21: Building] ERROR o.e.m.c.i.p.r.ProjectRegistryManager - Could not read pom.xml
org.eclipse.core.runtime.CoreException: Could not read pom.xml
	at org.eclipse.m2e.core.internal.IMavenToolbox.readModel(IMavenToolbox.java:134) ~[na:na]
	at org.eclipse.m2e.core.internal.project.registry.ProjectRegistryManager.refreshPhase2(ProjectRegistryManager.java:571) ~[na:na]
	at org.eclipse.m2e.core.internal.project.registry.ProjectRegistryManager.refresh(ProjectRegistryManager.java:525) ~[na:na]
	at org.eclipse.m2e.core.internal.project.registry.ProjectRegistryManager.refresh(ProjectRegistryManager.java:367) ~[na:na]
	at org.eclipse.m2e.core.internal.project.registry.ProjectRegistryManager.refresh(ProjectRegistryManager.java:321) ~[na:na]
	at org.eclipse.m2e.core.internal.builder.MavenBuilder$BuildMethod.getProjectFacade(MavenBuilder.java:150) ~[na:na]
	at org.eclipse.m2e.core.internal.builder.MavenBuilder$BuildMethod.lambda$0(MavenBuilder.java:88) ~[na:na]
	at org.eclipse.m2e.core.internal.embedder.MavenExecutionContext.executeBare(MavenExecutionContext.java:350) ~[na:na]
	at org.eclipse.m2e.core.internal.embedder.MavenExecutionContext.execute(MavenExecutionContext.java:262) ~[na:na]
	at org.eclipse.m2e.core.internal.embedder.MavenExecutionContext.execute(MavenExecutionContext.java:205) ~[na:na]
	at org.eclipse.m2e.core.internal.builder.MavenBuilder$BuildMethod.execute(MavenBuilder.java:87) ~[na:na]
	at org.eclipse.m2e.core.internal.builder.MavenBuilder.build(MavenBuilder.java:197) ~[na:na]
	at org.eclipse.core.internal.events.BuildManager$2.run(BuildManager.java:1024) ~[na:na]
	at org.eclipse.core.runtime.SafeRunner.run(SafeRunner.java:45) ~[org.eclipse.equinox.common_3.16.200.v20220817-1601.jar:na]
	at org.eclipse.core.internal.events.BuildManager.basicBuild(BuildManager.java:254) ~[na:na]
	at org.eclipse.core.internal.events.BuildManager.basicBuild(BuildManager.java:311) ~[na:na]
	at org.eclipse.core.internal.events.BuildManager$1.run(BuildManager.java:400) ~[na:na]
	at org.eclipse.core.runtime.SafeRunner.run(SafeRunner.java:45) ~[org.eclipse.equinox.common_3.16.200.v20220817-1601.jar:na]
	at org.eclipse.core.internal.events.BuildManager.basicBuild(BuildManager.java:403) ~[na:na]
	at org.eclipse.core.internal.events.BuildManager.basicBuildLoop(BuildManager.java:514) ~[na:na]
	at org.eclipse.core.internal.events.BuildManager.basicBuildLoop(BuildManager.java:462) ~[na:na]
	at org.eclipse.core.internal.events.BuildManager.build(BuildManager.java:544) ~[na:na]
	at org.eclipse.core.internal.events.AutoBuildJob.doBuild(AutoBuildJob.java:161) ~[na:na]
	at org.eclipse.core.internal.events.AutoBuildJob.run(AutoBuildJob.java:255) ~[na:na]
	at org.eclipse.core.internal.jobs.Worker.run(Worker.java:63) ~[org.eclipse.core.jobs_3.13.100.v20220817-1539.jar:na]
Caused by: org.apache.maven.model.io.ModelParseException: TEXT must be immediately followed by END_TAG and not START_TAG (position: START_TAG seen ...<description>\r\n  <build>... @8:10) 
	at org.apache.maven.model.io.DefaultModelReader.read(DefaultModelReader.java:117) ~[na:na]
	at org.apache.maven.model.io.DefaultModelReader.read(DefaultModelReader.java:85) ~[na:na]
	at org.eclipse.m2e.core.internal.IMavenToolbox.readModel(IMavenToolbox.java:132) ~[na:na]
	... 24 common frames omitted
Caused by: org.codehaus.plexus.util.xml.pull.XmlPullParserException: TEXT must be immediately followed by END_TAG and not START_TAG (position: START_TAG seen ...<description>\r\n  <build>... @8:10) 
	at org.codehaus.plexus.util.xml.pull.MXParser.nextText(MXParser.java:1285) ~[na:na]
	at org.apache.maven.model.io.xpp3.MavenXpp3Reader.parseModel(MavenXpp3Reader.java:2104) ~[na:na]
	at org.apache.maven.model.io.xpp3.MavenXpp3Reader.read(MavenXpp3Reader.java:3872) ~[na:na]
	at org.apache.maven.model.io.xpp3.MavenXpp3Reader.read(MavenXpp3Reader.java:595) ~[na:na]
	at org.apache.maven.model.io.DefaultModelReader.read(DefaultModelReader.java:112) ~[na:na]
	... 26 common frames omitted
2022-11-05 22:11:23,211 [Worker-26: Building] INFO  o.e.m.c.i.l.LifecycleMappingFactory - Using org.eclipse.m2e.jdt.JarLifecycleMapping lifecycle mapping for MavenProject: edu.uco.budget:Budget_Domain:0.0.1-SNAPSHOT @ C:\Users\Asus PC\OneDrive\Documentos\DOO_Budget\Budget_Domain\pom.xml.
2022-11-05 22:11:23,313 [Worker-26: Building] WARN  o.e.m.c.i.embedder.EclipseLogger - Using platform encoding (UTF-8 actually) to copy filtered resources, i.e. build is platform dependent!
2022-11-05 22:11:23,315 [Worker-26: Building] INFO  o.e.m.c.i.embedder.EclipseLogger - skip non existing resourceDirectory C:\Users\Asus PC\OneDrive\Documentos\DOO_Budget\Budget_Domain\src\main\resources
2022-11-05 22:11:23,320 [Worker-26: Building] WARN  o.e.m.c.i.embedder.EclipseLogger - Using platform encoding (UTF-8 actually) to copy filtered resources, i.e. build is platform dependent!
2022-11-05 22:11:23,323 [Worker-26: Building] INFO  o.e.m.c.i.embedder.EclipseLogger - skip non existing resourceDirectory C:\Users\Asus PC\OneDrive\Documentos\DOO_Budget\Budget_Domain\src\test\resources
2022-11-05 22:12:41,512 [Worker-30: Enabling Maven Dependency Management] INFO  o.e.m.c.i.l.LifecycleMappingFactory - Using org.eclipse.m2e.jdt.JarLifecycleMapping lifecycle mapping for MavenProject: edu.uco.budget:Budget_Service:0.0.1-SNAPSHOT @ C:\Users\Asus PC\OneDrive\Documentos\DOO_Budget\Budget_Service\pom.xml.
2022-11-05 22:12:41,752 [Worker-30: Enabling Maven Dependency Management] INFO  o.e.m.j.i.AbstractJavaProjectConfigurator - Adding source folder /Budget_Service/src
2022-11-05 22:12:41,756 [Worker-30: Enabling Maven Dependency Management] INFO  o.e.m.j.i.AbstractJavaProjectConfigurator - Not adding source folder /Budget_Service/src/test/java because it overlaps with /Budget_Service/src
2022-11-05 22:12:42,245 [Worker-30: Enabling Maven Dependency Management] INFO  o.e.m.c.i.p.ProjectConfigurationManager - Update started
2022-11-05 22:12:42,424 [Worker-30: Enabling Maven Dependency Management] INFO  o.e.m.c.i.l.LifecycleMappingFactory - Using org.eclipse.m2e.jdt.JarLifecycleMapping lifecycle mapping for MavenProject: edu.uco.budget:Budget_Service:0.0.1-SNAPSHOT @ C:\Users\Asus PC\OneDrive\Documentos\DOO_Budget\Budget_Service\pom.xml.
2022-11-05 22:12:42,629 [Worker-30: Enabling Maven Dependency Management] INFO  o.e.m.j.i.AbstractJavaProjectConfigurator - Adding source folder /Budget_Service/src
2022-11-05 22:12:42,632 [Worker-30: Enabling Maven Dependency Management] INFO  o.e.m.j.i.AbstractJavaProjectConfigurator - Not adding source folder /Budget_Service/src/test/java because it overlaps with /Budget_Service/src
2022-11-05 22:12:42,898 [Worker-30: Enabling Maven Dependency Management] INFO  o.e.m.c.i.p.ProjectConfigurationManager - Update completed: 0 sec
2022-11-05 22:12:43,047 [Worker-21: Building] WARN  o.e.m.c.i.embedder.EclipseLogger - Using platform encoding (UTF-8 actually) to copy filtered resources, i.e. build is platform dependent!
2022-11-05 22:12:43,050 [Worker-21: Building] INFO  o.e.m.c.i.embedder.EclipseLogger - skip non existing resourceDirectory C:\Users\Asus PC\OneDrive\Documentos\DOO_Budget\Budget_Service\src\main\resources
2022-11-05 22:12:43,055 [Worker-21: Building] WARN  o.e.m.c.i.embedder.EclipseLogger - Using platform encoding (UTF-8 actually) to copy filtered resources, i.e. build is platform dependent!
2022-11-05 22:12:43,059 [Worker-21: Building] INFO  o.e.m.c.i.embedder.EclipseLogger - skip non existing resourceDirectory C:\Users\Asus PC\OneDrive\Documentos\DOO_Budget\Budget_Service\src\test\resources
2022-11-05 22:15:12,275 [Worker-21: Building] INFO  o.e.m.c.i.l.LifecycleMappingFactory - Using org.eclipse.m2e.jdt.JarLifecycleMapping lifecycle mapping for MavenProject: edu.uco.budget:Budget_Data:0.0.1-SNAPSHOT @ C:\Users\Asus PC\OneDrive\Documentos\DOO_Budget\Budget_Data\pom.xml.
2022-11-05 22:15:12,291 [Worker-21: Building] INFO  o.e.m.c.i.p.WorkspaceClassifierResolverManager - Resolving P/Budget_Domain: edu.uco.budget:Budget_Domain:0.0.1-SNAPSHOT with classifier  to /Budget_Domain/target/classes
2022-11-05 22:15:12,292 [Worker-21: Building] INFO  o.e.m.c.i.p.WorkspaceClassifierResolverManager - Resolving P/Budget_Crosscutting: edu.uco.budget:Budget_Crosscutting:0.0.1-SNAPSHOT with classifier  to /Budget_Crosscutting/target/classes
2022-11-05 22:15:12,420 [Worker-21: Building] WARN  o.e.m.c.i.embedder.EclipseLogger - Using platform encoding (UTF-8 actually) to copy filtered resources, i.e. build is platform dependent!
2022-11-05 22:15:12,423 [Worker-21: Building] INFO  o.e.m.c.i.embedder.EclipseLogger - skip non existing resourceDirectory C:\Users\Asus PC\OneDrive\Documentos\DOO_Budget\Budget_Data\src\main\resources
2022-11-05 22:15:12,427 [Worker-21: Building] WARN  o.e.m.c.i.embedder.EclipseLogger - Using platform encoding (UTF-8 actually) to copy filtered resources, i.e. build is platform dependent!
2022-11-05 22:15:12,430 [Worker-21: Building] INFO  o.e.m.c.i.embedder.EclipseLogger - skip non existing resourceDirectory C:\Users\Asus PC\OneDrive\Documentos\DOO_Budget\Budget_Data\src\test\resources
2022-11-05 22:15:13,549 [Worker-29: Building] WARN  o.e.m.c.i.embedder.EclipseLogger - Using platform encoding (UTF-8 actually) to copy filtered resources, i.e. build is platform dependent!
2022-11-05 22:15:13,551 [Worker-29: Building] INFO  o.e.m.c.i.embedder.EclipseLogger - skip non existing resourceDirectory C:\Users\Asus PC\OneDrive\Documentos\DOO_Budget\Budget_Data\src\main\resources
2022-11-05 22:15:13,554 [Worker-29: Building] WARN  o.e.m.c.i.embedder.EclipseLogger - Using platform encoding (UTF-8 actually) to copy filtered resources, i.e. build is platform dependent!
2022-11-05 22:15:13,557 [Worker-29: Building] INFO  o.e.m.c.i.embedder.EclipseLogger - skip non existing resourceDirectory C:\Users\Asus PC\OneDrive\Documentos\DOO_Budget\Budget_Data\src\test\resources
2022-11-05 22:16:24,322 [Worker-31: Building] INFO  o.e.m.c.i.l.LifecycleMappingFactory - Using org.eclipse.m2e.jdt.JarLifecycleMapping lifecycle mapping for MavenProject: edu.uco.budget:Budget_Domain:0.0.1-SNAPSHOT @ C:\Users\Asus PC\OneDrive\Documentos\DOO_Budget\Budget_Domain\pom.xml.
2022-11-05 22:16:24,327 [Worker-31: Building] INFO  o.e.m.c.i.p.WorkspaceClassifierResolverManager - Resolving P/Budget_Crosscutting: edu.uco.budget:Budget_Crosscutting:0.0.1-SNAPSHOT with classifier  to /Budget_Crosscutting/target/classes
2022-11-05 22:16:24,399 [Worker-31: Building] INFO  o.e.m.c.i.l.LifecycleMappingFactory - Using org.eclipse.m2e.jdt.JarLifecycleMapping lifecycle mapping for MavenProject: edu.uco.budget:Budget_Data:0.0.1-SNAPSHOT @ C:\Users\Asus PC\OneDrive\Documentos\DOO_Budget\Budget_Data\pom.xml.
2022-11-05 22:16:24,414 [Worker-31: Building] INFO  o.e.m.c.i.p.WorkspaceClassifierResolverManager - Resolving P/Budget_Domain: edu.uco.budget:Budget_Domain:0.0.1-SNAPSHOT with classifier  to /Budget_Domain/target/classes
2022-11-05 22:16:24,414 [Worker-31: Building] INFO  o.e.m.c.i.p.WorkspaceClassifierResolverManager - Resolving P/Budget_Crosscutting: edu.uco.budget:Budget_Crosscutting:0.0.1-SNAPSHOT with classifier  to /Budget_Crosscutting/target/classes
2022-11-05 22:16:24,523 [Worker-31: Building] WARN  o.e.m.c.i.embedder.EclipseLogger - Using platform encoding (UTF-8 actually) to copy filtered resources, i.e. build is platform dependent!
2022-11-05 22:16:24,525 [Worker-31: Building] INFO  o.e.m.c.i.embedder.EclipseLogger - skip non existing resourceDirectory C:\Users\Asus PC\OneDrive\Documentos\DOO_Budget\Budget_Domain\src\main\resources
2022-11-05 22:16:24,529 [Worker-31: Building] WARN  o.e.m.c.i.embedder.EclipseLogger - Using platform encoding (UTF-8 actually) to copy filtered resources, i.e. build is platform dependent!
2022-11-05 22:16:24,532 [Worker-31: Building] INFO  o.e.m.c.i.embedder.EclipseLogger - skip non existing resourceDirectory C:\Users\Asus PC\OneDrive\Documentos\DOO_Budget\Budget_Domain\src\test\resources
2022-11-05 22:16:25,692 [Worker-32: Building] WARN  o.e.m.c.i.embedder.EclipseLogger - Using platform encoding (UTF-8 actually) to copy filtered resources, i.e. build is platform dependent!
2022-11-05 22:16:25,694 [Worker-32: Building] INFO  o.e.m.c.i.embedder.EclipseLogger - skip non existing resourceDirectory C:\Users\Asus PC\OneDrive\Documentos\DOO_Budget\Budget_Data\src\main\resources
2022-11-05 22:16:25,699 [Worker-32: Building] WARN  o.e.m.c.i.embedder.EclipseLogger - Using platform encoding (UTF-8 actually) to copy filtered resources, i.e. build is platform dependent!
2022-11-05 22:16:25,702 [Worker-32: Building] INFO  o.e.m.c.i.embedder.EclipseLogger - skip non existing resourceDirectory C:\Users\Asus PC\OneDrive\Documentos\DOO_Budget\Budget_Data\src\test\resources
2022-11-05 22:16:25,742 [Worker-32: Building] WARN  o.e.m.c.i.embedder.EclipseLogger - Using platform encoding (UTF-8 actually) to copy filtered resources, i.e. build is platform dependent!
2022-11-05 22:16:25,746 [Worker-32: Building] INFO  o.e.m.c.i.embedder.EclipseLogger - skip non existing resourceDirectory C:\Users\Asus PC\OneDrive\Documentos\DOO_Budget\Budget_Domain\src\main\resources
2022-11-05 22:16:25,755 [Worker-32: Building] WARN  o.e.m.c.i.embedder.EclipseLogger - Using platform encoding (UTF-8 actually) to copy filtered resources, i.e. build is platform dependent!
2022-11-05 22:16:25,758 [Worker-32: Building] INFO  o.e.m.c.i.embedder.EclipseLogger - skip non existing resourceDirectory C:\Users\Asus PC\OneDrive\Documentos\DOO_Budget\Budget_Domain\src\test\resources
2022-11-05 22:18:01,531 [Worker-21: Building] INFO  o.e.m.c.i.l.LifecycleMappingFactory - Using org.eclipse.m2e.jdt.JarLifecycleMapping lifecycle mapping for MavenProject: edu.uco.budget:Budget_Service:0.0.1-SNAPSHOT @ C:\Users\Asus PC\OneDrive\Documentos\DOO_Budget\Budget_Service\pom.xml.
2022-11-05 22:18:01,539 [Worker-21: Building] INFO  o.e.m.c.i.p.WorkspaceClassifierResolverManager - Resolving P/Budget_Domain: edu.uco.budget:Budget_Domain:0.0.1-SNAPSHOT with classifier  to /Budget_Domain/target/classes
2022-11-05 22:18:01,539 [Worker-21: Building] INFO  o.e.m.c.i.p.WorkspaceClassifierResolverManager - Resolving P/Budget_Crosscutting: edu.uco.budget:Budget_Crosscutting:0.0.1-SNAPSHOT with classifier  to /Budget_Crosscutting/target/classes
2022-11-05 22:18:01,612 [Worker-21: Building] WARN  o.e.m.c.i.embedder.EclipseLogger - Using platform encoding (UTF-8 actually) to copy filtered resources, i.e. build is platform dependent!
2022-11-05 22:18:01,615 [Worker-21: Building] INFO  o.e.m.c.i.embedder.EclipseLogger - skip non existing resourceDirectory C:\Users\Asus PC\OneDrive\Documentos\DOO_Budget\Budget_Service\src\main\resources
2022-11-05 22:18:01,620 [Worker-21: Building] WARN  o.e.m.c.i.embedder.EclipseLogger - Using platform encoding (UTF-8 actually) to copy filtered resources, i.e. build is platform dependent!
2022-11-05 22:18:01,624 [Worker-21: Building] INFO  o.e.m.c.i.embedder.EclipseLogger - skip non existing resourceDirectory C:\Users\Asus PC\OneDrive\Documentos\DOO_Budget\Budget_Service\src\test\resources
2022-11-05 22:18:02,831 [Worker-32: Building] WARN  o.e.m.c.i.embedder.EclipseLogger - Using platform encoding (UTF-8 actually) to copy filtered resources, i.e. build is platform dependent!
2022-11-05 22:18:02,834 [Worker-32: Building] INFO  o.e.m.c.i.embedder.EclipseLogger - skip non existing resourceDirectory C:\Users\Asus PC\OneDrive\Documentos\DOO_Budget\Budget_Service\src\main\resources
2022-11-05 22:18:02,837 [Worker-32: Building] WARN  o.e.m.c.i.embedder.EclipseLogger - Using platform encoding (UTF-8 actually) to copy filtered resources, i.e. build is platform dependent!
2022-11-05 22:18:02,840 [Worker-32: Building] INFO  o.e.m.c.i.embedder.EclipseLogger - skip non existing resourceDirectory C:\Users\Asus PC\OneDrive\Documentos\DOO_Budget\Budget_Service\src\test\resources
2022-11-05 22:18:58,453 [Worker-21: Building] WARN  o.e.m.c.i.embedder.EclipseLogger - Using platform encoding (UTF-8 actually) to copy filtered resources, i.e. build is platform dependent!
2022-11-05 22:18:58,455 [Worker-21: Building] INFO  o.e.m.c.i.embedder.EclipseLogger - skip non existing resourceDirectory C:\Users\Asus PC\OneDrive\Documentos\DOO_Budget\Budget_Crosscutting\src\main\resources
2022-11-05 22:18:58,462 [Worker-21: Building] WARN  o.e.m.c.i.embedder.EclipseLogger - Using platform encoding (UTF-8 actually) to copy filtered resources, i.e. build is platform dependent!
2022-11-05 22:18:58,467 [Worker-21: Building] INFO  o.e.m.c.i.embedder.EclipseLogger - skip non existing resourceDirectory C:\Users\Asus PC\OneDrive\Documentos\DOO_Budget\Budget_Crosscutting\src\test\resources
2022-11-05 22:19:22,163 [Worker-31: Building] WARN  o.e.m.c.i.embedder.EclipseLogger - Using platform encoding (UTF-8 actually) to copy filtered resources, i.e. build is platform dependent!
2022-11-05 22:19:22,169 [Worker-31: Building] INFO  o.e.m.c.i.embedder.EclipseLogger - skip non existing resourceDirectory C:\Users\Asus PC\OneDrive\Documentos\DOO_Budget\Budget_Data\src\main\resources
2022-11-05 22:19:22,173 [Worker-31: Building] WARN  o.e.m.c.i.embedder.EclipseLogger - Using platform encoding (UTF-8 actually) to copy filtered resources, i.e. build is platform dependent!
2022-11-05 22:19:22,207 [Worker-31: Building] INFO  o.e.m.c.i.embedder.EclipseLogger - skip non existing resourceDirectory C:\Users\Asus PC\OneDrive\Documentos\DOO_Budget\Budget_Data\src\test\resources
2022-11-05 22:19:51,901 [Worker-30: Building] WARN  o.e.m.c.i.embedder.EclipseLogger - Using platform encoding (UTF-8 actually) to copy filtered resources, i.e. build is platform dependent!
2022-11-05 22:19:51,904 [Worker-30: Building] INFO  o.e.m.c.i.embedder.EclipseLogger - skip non existing resourceDirectory C:\Users\Asus PC\OneDrive\Documentos\DOO_Budget\Budget_Domain\src\main\resources
2022-11-05 22:19:51,908 [Worker-30: Building] WARN  o.e.m.c.i.embedder.EclipseLogger - Using platform encoding (UTF-8 actually) to copy filtered resources, i.e. build is platform dependent!
2022-11-05 22:19:51,911 [Worker-30: Building] INFO  o.e.m.c.i.embedder.EclipseLogger - skip non existing resourceDirectory C:\Users\Asus PC\OneDrive\Documentos\DOO_Budget\Budget_Domain\src\test\resources
2022-11-05 22:20:06,753 [Worker-30: Building] WARN  o.e.m.c.i.embedder.EclipseLogger - Using platform encoding (UTF-8 actually) to copy filtered resources, i.e. build is platform dependent!
2022-11-05 22:20:06,757 [Worker-30: Building] INFO  o.e.m.c.i.embedder.EclipseLogger - skip non existing resourceDirectory C:\Users\Asus PC\OneDrive\Documentos\DOO_Budget\Budget_Domain\src\main\resources
2022-11-05 22:20:06,762 [Worker-30: Building] WARN  o.e.m.c.i.embedder.EclipseLogger - Using platform encoding (UTF-8 actually) to copy filtered resources, i.e. build is platform dependent!
2022-11-05 22:20:06,766 [Worker-30: Building] INFO  o.e.m.c.i.embedder.EclipseLogger - skip non existing resourceDirectory C:\Users\Asus PC\OneDrive\Documentos\DOO_Budget\Budget_Domain\src\test\resources
2022-11-05 22:20:45,614 [Worker-30: Building] WARN  o.e.m.c.i.embedder.EclipseLogger - Using platform encoding (UTF-8 actually) to copy filtered resources, i.e. build is platform dependent!
2022-11-05 22:20:45,616 [Worker-30: Building] INFO  o.e.m.c.i.embedder.EclipseLogger - skip non existing resourceDirectory C:\Users\Asus PC\OneDrive\Documentos\DOO_Budget\Budget_Service\src\main\resources
2022-11-05 22:20:45,621 [Worker-30: Building] WARN  o.e.m.c.i.embedder.EclipseLogger - Using platform encoding (UTF-8 actually) to copy filtered resources, i.e. build is platform dependent!
2022-11-05 22:20:45,624 [Worker-30: Building] INFO  o.e.m.c.i.embedder.EclipseLogger - skip non existing resourceDirectory C:\Users\Asus PC\OneDrive\Documentos\DOO_Budget\Budget_Service\src\test\resources
